2019-01-11 8:44:44 - MOD: Modification Default

FILE: system/engine/action.php
REGEX: ~(require|include)(_once)?\(([^)]+)~
LINE: 69

FILE: system/engine/loader.php
REGEX: ~(require|include)(_once)?\(([^)]+)~
LINE: 77
LINE: 151
LINE: 168

FILE: system/library/config.php
REGEX: ~(require|include)(_once)?\(([^)]+)~
LINE: 59

FILE: system/library/language.php
REGEX: ~(require|include)(_once)?\(([^)]+)~
LINE: 67
LINE: 73

FILE: system/library/template/template.php
REGEX: ~(require|include)(_once)?\(([^)]+)~
LINE: 18

FILE: system/library/template/twig.php
CODE: $loader = new \Twig_Loader_Filesystem(DIR_TEMPLATE);
LINE: 19
----------------------------------------------------------------
MOD: woofdog

FILE: admin/language/en-gb/design/layout.php
CODE: $_['text_column_right']   = 'Column Right';
LINE: 16

FILE: admin/view/template/design/layout_form.twig
CODE: <button type="button" onclick="addModule('content-bottom');" data-toggle="tooltip" title="{{ button_module_add }}" class="btn btn-primary btn-sm"><i class="fa fa-plus-circle"></i></button>
LINE: 276
CODE: $('#module-column-left, #module-column-right, #module-content-top, #module-content-bottom').delegate('select[name*=\'code\']', 'change', function() {
LINE: 827
CODE: $('#module-column-left, #module-column-right, #module-content-top, #module-content-bottom').trigger('change');
LINE: 839

FILE: catalog/controller/common/footer.php
CODE: $data['powered'] = sprintf($this->language->get('text_powered'), $this->config->get('config_name'), date('Y', time()));
LINE: 31
CODE: return $this->load->view('common/footer', $data);
LINE: 67

FILE: catalog/controller/common/header.php
CODE: $data['name'] = $this->config->get('config_name');
LINE: 37
CODE: $data['language'] = $this->load->controller('common/language');
LINE: 76
CODE: return $this->load->view('common/header', $data);
LINE: 92

FILE: catalog/controller/common/menu.php
CODE: $this->load->model('catalog/product');
LINE: 8
CODE: $categories = $this->model_catalog_category->getCategories(0);
LINE: 22
CODE: $children_data[] = array(
LINE: 42
CODE: 'name'  => $child['name'] . ($this->config->get('config_product_count') ? ' (' . $this->model_catalog_product->getTotalProducts($filter_data) . ')' : ''),
LINE: 60

FILE: catalog/controller/extension/module/bestseller.php
CODE: if ($this->customer->isLogged() || !$this->config->get('config_customer_price')) {
LINE: 21
CODE: 'thumb'       => $image,
LINE: 57
CODE: 'rating'      => $rating,
LINE: 66
CODE: 'href'        => $this->url->link('product/product', 'product_id=' . $result['product_id'])
LINE: 70

FILE: catalog/controller/extension/module/category.php
CODE: public function index() {
LINE: 2
CODE: $this->load->language('extension/module/category');
LINE: 5

FILE: catalog/controller/extension/module/featured.php
CODE: if ($this->customer->isLogged() || !$this->config->get('config_customer_price')) {
LINE: 28
CODE: 'thumb'       => $image,
LINE: 62
CODE: 'rating'      => $rating,
LINE: 71
CODE: 'href'        => $this->url->link('product/product', 'product_id=' . $product_info['product_id'])
LINE: 75

FILE: catalog/controller/extension/module/latest.php
CODE: if ($this->customer->isLogged() || !$this->config->get('config_customer_price')) {
LINE: 28
CODE: 'thumb'       => $image,
LINE: 62
CODE: 'rating'      => $rating,
LINE: 71
CODE: 'href'        => $this->url->link('product/product', 'product_id=' . $result['product_id'])
LINE: 75

FILE: catalog/controller/extension/module/special.php
CODE: if ($this->customer->isLogged() || !$this->config->get('config_customer_price')) {
LINE: 28
CODE: 'thumb'       => $image,
LINE: 62
CODE: 'rating'      => $rating,
LINE: 71
CODE: 'href'        => $this->url->link('product/product', 'product_id=' . $result['product_id'])
LINE: 75

FILE: catalog/controller/product/category.php
CODE: if ($this->customer->isLogged() || !$this->config->get('config_customer_price')) {
LINE: 171
CODE: 'thumb'       => $image,
LINE: 205
CODE: 'tax'         => $tax,
LINE: 213
CODE: 'href'        => $this->url->link('product/product', 'path=' . $this->request->get['path'] . '&product_id=' . $result['product_id'] . $url)
LINE: 219

FILE: catalog/controller/product/compare.php
CODE: if ($this->customer->isLogged() || !$this->config->get('config_customer_price')) {
LINE: 63
CODE: 'thumb'        => $image,
LINE: 104
CODE: 'special'      => $special,
LINE: 109

FILE: catalog/controller/product/manufacturer.php
CODE: if ($this->customer->isLogged() || !$this->config->get('config_customer_price')) {
LINE: 162
CODE: 'thumb'       => $image,
LINE: 196
CODE: 'tax'         => $tax,
LINE: 204
CODE: 'href'        => $this->url->link('product/product', 'manufacturer_id=' . $result['manufacturer_id'] . '&product_id=' . $result['product_id'] . $url)
LINE: 210

FILE: catalog/controller/product/product.php
CODE: if ((float)$result['special']) {
LINE: 392
CODE: 'thumb'       => $image,
LINE: 420
CODE: 'tax'         => $tax,
LINE: 428
CODE: 'href'        => $this->url->link('product/product', 'product_id=' . $result['product_id'])
LINE: 434

FILE: catalog/controller/product/search.php
CODE: if ($this->customer->isLogged() || !$this->config->get('config_customer_price')) {
LINE: 199
CODE: 'thumb'       => $image,
LINE: 233
CODE: 'tax'         => $tax,
LINE: 241
CODE: 'href'        => $this->url->link('product/product', 'product_id=' . $result['product_id'] . $url)
LINE: 247

FILE: catalog/controller/product/special.php
CODE: if ($this->customer->isLogged() || !$this->config->get('config_customer_price')) {
LINE: 89
CODE: 'thumb'       => $image,
LINE: 123
CODE: 'tax'         => $tax,
LINE: 131
CODE: 'href'        => $this->url->link('product/product', 'product_id=' . $result['product_id'] . $url)
LINE: 137

FILE: catalog/language/en-gb/en-gb.php
CODE: $_['button_compare']        = 'Compare this Product';
LINE: 28

FILE: catalog/language/en-gb/checkout/cart.php
CODE: $_['text_items']               = '%s';
NOT FOUND - OPERATIONS ABORTED!

FILE: catalog/language/en-gb/common/cart.php
CODE: $_['text_items']     = '%s';
NOT FOUND - OPERATIONS ABORTED!

FILE: catalog/language/en-gb/common/footer.php
CODE: $_['text_affiliate']    = 'Affiliate';
LINE: 10
CODE: $_['text_powered']      = 'Powered By <a href="http://www.opencart.com">OpenCart</a><br /> %s &copy; %s';
LINE: 18

FILE: catalog/language/en-gb/common/header.php
CODE: $_['text_all']           = 'Show All';
LINE: 15

FILE: catalog/language/en-gb/common/menu.php
CODE: $_['text_all'] = 'Show All';
LINE: 2
----------------------------------------------------------------
2019-01-11 9:41:11 - MOD: Modification Default

FILE: system/engine/action.php
REGEX: ~(require|include)(_once)?\(([^)]+)~
LINE: 69

FILE: system/engine/loader.php
REGEX: ~(require|include)(_once)?\(([^)]+)~
LINE: 77
LINE: 151
LINE: 168

FILE: system/library/config.php
REGEX: ~(require|include)(_once)?\(([^)]+)~
LINE: 59

FILE: system/library/language.php
REGEX: ~(require|include)(_once)?\(([^)]+)~
LINE: 67
LINE: 73

FILE: system/library/template/template.php
REGEX: ~(require|include)(_once)?\(([^)]+)~
LINE: 18

FILE: system/library/template/twig.php
CODE: $loader = new \Twig_Loader_Filesystem(DIR_TEMPLATE);
LINE: 19
----------------------------------------------------------------
MOD: woofdog

FILE: admin/language/en-gb/design/layout.php
CODE: $_['text_column_right']   = 'Column Right';
LINE: 16

FILE: admin/view/template/design/layout_form.twig
CODE: <button type="button" onclick="addModule('content-bottom');" data-toggle="tooltip" title="{{ button_module_add }}" class="btn btn-primary btn-sm"><i class="fa fa-plus-circle"></i></button>
LINE: 276
CODE: $('#module-column-left, #module-column-right, #module-content-top, #module-content-bottom').delegate('select[name*=\'code\']', 'change', function() {
LINE: 827
CODE: $('#module-column-left, #module-column-right, #module-content-top, #module-content-bottom').trigger('change');
LINE: 839

FILE: catalog/controller/common/footer.php
CODE: $data['powered'] = sprintf($this->language->get('text_powered'), $this->config->get('config_name'), date('Y', time()));
LINE: 31
CODE: return $this->load->view('common/footer', $data);
LINE: 67

FILE: catalog/controller/common/header.php
CODE: $data['name'] = $this->config->get('config_name');
LINE: 37
CODE: $data['language'] = $this->load->controller('common/language');
LINE: 76
CODE: return $this->load->view('common/header', $data);
LINE: 92

FILE: catalog/controller/common/menu.php
CODE: $this->load->model('catalog/product');
LINE: 8
CODE: $categories = $this->model_catalog_category->getCategories(0);
LINE: 22
CODE: $children_data[] = array(
LINE: 42
CODE: 'name'  => $child['name'] . ($this->config->get('config_product_count') ? ' (' . $this->model_catalog_product->getTotalProducts($filter_data) . ')' : ''),
LINE: 60

FILE: catalog/controller/extension/module/bestseller.php
CODE: if ($this->customer->isLogged() || !$this->config->get('config_customer_price')) {
LINE: 21
CODE: 'thumb'       => $image,
LINE: 57
CODE: 'rating'      => $rating,
LINE: 66
CODE: 'href'        => $this->url->link('product/product', 'product_id=' . $result['product_id'])
LINE: 70

FILE: catalog/controller/extension/module/category.php
CODE: public function index() {
LINE: 2
CODE: $this->load->language('extension/module/category');
LINE: 5

FILE: catalog/controller/extension/module/featured.php
CODE: if ($this->customer->isLogged() || !$this->config->get('config_customer_price')) {
LINE: 28
CODE: 'thumb'       => $image,
LINE: 62
CODE: 'rating'      => $rating,
LINE: 71
CODE: 'href'        => $this->url->link('product/product', 'product_id=' . $product_info['product_id'])
LINE: 75

FILE: catalog/controller/extension/module/latest.php
CODE: if ($this->customer->isLogged() || !$this->config->get('config_customer_price')) {
LINE: 28
CODE: 'thumb'       => $image,
LINE: 62
CODE: 'rating'      => $rating,
LINE: 71
CODE: 'href'        => $this->url->link('product/product', 'product_id=' . $result['product_id'])
LINE: 75

FILE: catalog/controller/extension/module/special.php
CODE: if ($this->customer->isLogged() || !$this->config->get('config_customer_price')) {
LINE: 28
CODE: 'thumb'       => $image,
LINE: 62
CODE: 'rating'      => $rating,
LINE: 71
CODE: 'href'        => $this->url->link('product/product', 'product_id=' . $result['product_id'])
LINE: 75

FILE: catalog/controller/product/category.php
CODE: if ($this->customer->isLogged() || !$this->config->get('config_customer_price')) {
LINE: 171
CODE: 'thumb'       => $image,
LINE: 205
CODE: 'tax'         => $tax,
LINE: 213
CODE: 'href'        => $this->url->link('product/product', 'path=' . $this->request->get['path'] . '&product_id=' . $result['product_id'] . $url)
LINE: 219

FILE: catalog/controller/product/compare.php
CODE: if ($this->customer->isLogged() || !$this->config->get('config_customer_price')) {
LINE: 63
CODE: 'thumb'        => $image,
LINE: 104
CODE: 'special'      => $special,
LINE: 109

FILE: catalog/controller/product/manufacturer.php
CODE: if ($this->customer->isLogged() || !$this->config->get('config_customer_price')) {
LINE: 162
CODE: 'thumb'       => $image,
LINE: 196
CODE: 'tax'         => $tax,
LINE: 204
CODE: 'href'        => $this->url->link('product/product', 'manufacturer_id=' . $result['manufacturer_id'] . '&product_id=' . $result['product_id'] . $url)
LINE: 210

FILE: catalog/controller/product/product.php
CODE: if ((float)$result['special']) {
LINE: 392
CODE: 'thumb'       => $image,
LINE: 420
CODE: 'tax'         => $tax,
LINE: 428
CODE: 'href'        => $this->url->link('product/product', 'product_id=' . $result['product_id'])
LINE: 434

FILE: catalog/controller/product/search.php
CODE: if ($this->customer->isLogged() || !$this->config->get('config_customer_price')) {
LINE: 199
CODE: 'thumb'       => $image,
LINE: 233
CODE: 'tax'         => $tax,
LINE: 241
CODE: 'href'        => $this->url->link('product/product', 'product_id=' . $result['product_id'] . $url)
LINE: 247

FILE: catalog/controller/product/special.php
CODE: if ($this->customer->isLogged() || !$this->config->get('config_customer_price')) {
LINE: 89
CODE: 'thumb'       => $image,
LINE: 123
CODE: 'tax'         => $tax,
LINE: 131
CODE: 'href'        => $this->url->link('product/product', 'product_id=' . $result['product_id'] . $url)
LINE: 137

FILE: catalog/language/en-gb/en-gb.php
CODE: $_['button_compare']        = 'Compare this Product';
LINE: 28

FILE: catalog/language/en-gb/checkout/cart.php
CODE: $_['text_items']               = '%s';
NOT FOUND - OPERATIONS ABORTED!

FILE: catalog/language/en-gb/common/cart.php
CODE: $_['text_items']     = '%s';
NOT FOUND - OPERATIONS ABORTED!

FILE: catalog/language/en-gb/common/footer.php
CODE: $_['text_affiliate']    = 'Affiliate';
LINE: 10
CODE: $_['text_powered']      = 'Powered By <a href="http://www.opencart.com">OpenCart</a><br /> %s &copy; %s';
LINE: 18

FILE: catalog/language/en-gb/common/header.php
CODE: $_['text_all']           = 'Show All';
LINE: 15

FILE: catalog/language/en-gb/common/menu.php
CODE: $_['text_all'] = 'Show All';
LINE: 2
----------------------------------------------------------------
2019-05-14 4:12:03 - MOD: Modification Default

FILE: system/engine/action.php
REGEX: ~(require|include)(_once)?\(([^)]+)~
LINE: 69

FILE: system/engine/loader.php
REGEX: ~(require|include)(_once)?\(([^)]+)~
LINE: 77
LINE: 151
LINE: 168

FILE: system/library/config.php
REGEX: ~(require|include)(_once)?\(([^)]+)~
LINE: 59

FILE: system/library/language.php
REGEX: ~(require|include)(_once)?\(([^)]+)~
LINE: 67
LINE: 73

FILE: system/library/template/template.php
REGEX: ~(require|include)(_once)?\(([^)]+)~
LINE: 18

FILE: system/library/template/twig.php
CODE: $loader = new \Twig_Loader_Filesystem(DIR_TEMPLATE);
LINE: 19
----------------------------------------------------------------
MOD: babycar

FILE: admin/language/en-gb/design/layout.php
CODE: $_['text_column_right']   = 'Column Right';
LINE: 16

FILE: admin/view/template/design/layout_form.twig
CODE: <button type="button" onclick="addModule('content-bottom');" data-toggle="tooltip" title="{{ button_module_add }}" class="btn btn-primary btn-sm"><i class="fa fa-plus-circle"></i></button>
LINE: 276
CODE: $('#module-column-left, #module-column-right, #module-content-top, #module-content-bottom').delegate('select[name*=\'code\']', 'change', function() {
LINE: 827
CODE: $('#module-column-left, #module-column-right, #module-content-top, #module-content-bottom').trigger('change');
LINE: 839

FILE: catalog/controller/common/footer.php
CODE: $data['powered'] = sprintf($this->language->get('text_powered'), $this->config->get('config_name'), date('Y', time()));
LINE: 31
CODE: return $this->load->view('common/footer', $data);
LINE: 67

FILE: catalog/controller/common/header.php
CODE: $data['name'] = $this->config->get('config_name');
LINE: 37
CODE: $data['language'] = $this->load->controller('common/language');
LINE: 76
CODE: return $this->load->view('common/header', $data);
LINE: 92

FILE: catalog/controller/common/menu.php
CODE: $this->load->model('catalog/product');
LINE: 8
CODE: $categories = $this->model_catalog_category->getCategories(0);
LINE: 22
CODE: $children_data[] = array(
LINE: 42
CODE: 'name'  => $child['name'] . ($this->config->get('config_product_count') ? ' (' . $this->model_catalog_product->getTotalProducts($filter_data) . ')' : ''),
LINE: 60

FILE: catalog/controller/extension/module/bestseller.php
CODE: if ($this->customer->isLogged() || !$this->config->get('config_customer_price')) {
LINE: 21
CODE: 'thumb'       => $image,
LINE: 57
CODE: 'rating'      => $rating,
LINE: 66
CODE: 'href'        => $this->url->link('product/product', 'product_id=' . $result['product_id'])
LINE: 70

FILE: catalog/controller/extension/module/category.php
CODE: public function index() {
LINE: 2
CODE: $this->load->language('extension/module/category');
LINE: 5

FILE: catalog/controller/extension/module/featured.php
CODE: if ($this->customer->isLogged() || !$this->config->get('config_customer_price')) {
LINE: 28
CODE: 'thumb'       => $image,
LINE: 62
CODE: 'rating'      => $rating,
LINE: 71
CODE: 'href'        => $this->url->link('product/product', 'product_id=' . $product_info['product_id'])
LINE: 75

FILE: catalog/controller/extension/module/latest.php
CODE: if ($this->customer->isLogged() || !$this->config->get('config_customer_price')) {
LINE: 28
CODE: 'thumb'       => $image,
LINE: 62
CODE: 'rating'      => $rating,
LINE: 71
CODE: 'href'        => $this->url->link('product/product', 'product_id=' . $result['product_id'])
LINE: 75

FILE: catalog/controller/extension/module/special.php
CODE: if ($this->customer->isLogged() || !$this->config->get('config_customer_price')) {
LINE: 28
CODE: 'thumb'       => $image,
LINE: 62
CODE: 'rating'      => $rating,
LINE: 71
CODE: 'href'        => $this->url->link('product/product', 'product_id=' . $result['product_id'])
LINE: 75

FILE: catalog/controller/product/category.php
CODE: if ($this->customer->isLogged() || !$this->config->get('config_customer_price')) {
LINE: 171
CODE: 'thumb'       => $image,
LINE: 205
CODE: 'tax'         => $tax,
LINE: 213
CODE: 'href'        => $this->url->link('product/product', 'path=' . $this->request->get['path'] . '&product_id=' . $result['product_id'] . $url)
LINE: 219

FILE: catalog/controller/product/compare.php
CODE: if ($this->customer->isLogged() || !$this->config->get('config_customer_price')) {
LINE: 63
CODE: 'thumb'        => $image,
LINE: 104
CODE: 'special'      => $special,
LINE: 109

FILE: catalog/controller/product/manufacturer.php
CODE: if ($this->customer->isLogged() || !$this->config->get('config_customer_price')) {
LINE: 162
CODE: 'thumb'       => $image,
LINE: 196
CODE: 'tax'         => $tax,
LINE: 204
CODE: 'href'        => $this->url->link('product/product', 'manufacturer_id=' . $result['manufacturer_id'] . '&product_id=' . $result['product_id'] . $url)
LINE: 210

FILE: catalog/controller/product/product.php
CODE: if ((float)$result['special']) {
LINE: 392
CODE: 'thumb'       => $image,
LINE: 420
CODE: 'tax'         => $tax,
LINE: 428
CODE: 'href'        => $this->url->link('product/product', 'product_id=' . $result['product_id'])
LINE: 434

FILE: catalog/controller/product/search.php
CODE: if ($this->customer->isLogged() || !$this->config->get('config_customer_price')) {
LINE: 199
CODE: 'thumb'       => $image,
LINE: 233
CODE: 'tax'         => $tax,
LINE: 241
CODE: 'href'        => $this->url->link('product/product', 'product_id=' . $result['product_id'] . $url)
LINE: 247

FILE: catalog/controller/product/special.php
CODE: if ($this->customer->isLogged() || !$this->config->get('config_customer_price')) {
LINE: 89
CODE: 'thumb'       => $image,
LINE: 123
CODE: 'tax'         => $tax,
LINE: 131
CODE: 'href'        => $this->url->link('product/product', 'product_id=' . $result['product_id'] . $url)
LINE: 137

FILE: catalog/language/en-gb/en-gb.php
CODE: $_['button_compare']        = 'Compare this Product';
LINE: 28

FILE: catalog/language/en-gb/checkout/cart.php
CODE: $_['text_items']               = '%s';
LINE: 8

FILE: catalog/language/en-gb/common/cart.php
CODE: $_['text_items']     = '%s';
LINE: 2

FILE: catalog/language/en-gb/common/footer.php
CODE: $_['text_affiliate']    = 'Affiliate';
LINE: 10
CODE: $_['text_powered']      = 'Powered By <a href="http://www.opencart.com">OpenCart</a><br /> %s &copy; %s';
LINE: 18

FILE: catalog/language/en-gb/common/header.php
CODE: $_['text_all']           = 'Show All';
LINE: 15

FILE: catalog/language/en-gb/common/menu.php
CODE: $_['text_all'] = 'Show All';
LINE: 2
----------------------------------------------------------------
2019-05-14 4:15:25 - MOD: Modification Default

FILE: system/engine/action.php
REGEX: ~(require|include)(_once)?\(([^)]+)~
LINE: 69

FILE: system/engine/loader.php
REGEX: ~(require|include)(_once)?\(([^)]+)~
LINE: 77
LINE: 151
LINE: 168

FILE: system/library/config.php
REGEX: ~(require|include)(_once)?\(([^)]+)~
LINE: 59

FILE: system/library/language.php
REGEX: ~(require|include)(_once)?\(([^)]+)~
LINE: 67
LINE: 73

FILE: system/library/template/template.php
REGEX: ~(require|include)(_once)?\(([^)]+)~
LINE: 18

FILE: system/library/template/twig.php
CODE: $loader = new \Twig_Loader_Filesystem(DIR_TEMPLATE);
LINE: 19
----------------------------------------------------------------
MOD: babycar

FILE: admin/language/en-gb/design/layout.php
CODE: $_['text_column_right']   = 'Column Right';
LINE: 16

FILE: admin/view/template/design/layout_form.twig
CODE: <button type="button" onclick="addModule('content-bottom');" data-toggle="tooltip" title="{{ button_module_add }}" class="btn btn-primary btn-sm"><i class="fa fa-plus-circle"></i></button>
LINE: 276
CODE: $('#module-column-left, #module-column-right, #module-content-top, #module-content-bottom').delegate('select[name*=\'code\']', 'change', function() {
LINE: 827
CODE: $('#module-column-left, #module-column-right, #module-content-top, #module-content-bottom').trigger('change');
LINE: 839

FILE: catalog/controller/common/footer.php
CODE: $data['powered'] = sprintf($this->language->get('text_powered'), $this->config->get('config_name'), date('Y', time()));
LINE: 31
CODE: return $this->load->view('common/footer', $data);
LINE: 67

FILE: catalog/controller/common/header.php
CODE: $data['name'] = $this->config->get('config_name');
LINE: 37
CODE: $data['language'] = $this->load->controller('common/language');
LINE: 76
CODE: return $this->load->view('common/header', $data);
LINE: 92

FILE: catalog/controller/common/menu.php
CODE: $this->load->model('catalog/product');
LINE: 8
CODE: $categories = $this->model_catalog_category->getCategories(0);
LINE: 22
CODE: $children_data[] = array(
LINE: 42
CODE: 'name'  => $child['name'] . ($this->config->get('config_product_count') ? ' (' . $this->model_catalog_product->getTotalProducts($filter_data) . ')' : ''),
LINE: 60

FILE: catalog/controller/extension/module/bestseller.php
CODE: if ($this->customer->isLogged() || !$this->config->get('config_customer_price')) {
LINE: 21
CODE: 'thumb'       => $image,
LINE: 57
CODE: 'rating'      => $rating,
LINE: 66
CODE: 'href'        => $this->url->link('product/product', 'product_id=' . $result['product_id'])
LINE: 70

FILE: catalog/controller/extension/module/category.php
CODE: public function index() {
LINE: 2
CODE: $this->load->language('extension/module/category');
LINE: 5

FILE: catalog/controller/extension/module/featured.php
CODE: if ($this->customer->isLogged() || !$this->config->get('config_customer_price')) {
LINE: 28
CODE: 'thumb'       => $image,
LINE: 62
CODE: 'rating'      => $rating,
LINE: 71
CODE: 'href'        => $this->url->link('product/product', 'product_id=' . $product_info['product_id'])
LINE: 75

FILE: catalog/controller/extension/module/latest.php
CODE: if ($this->customer->isLogged() || !$this->config->get('config_customer_price')) {
LINE: 28
CODE: 'thumb'       => $image,
LINE: 62
CODE: 'rating'      => $rating,
LINE: 71
CODE: 'href'        => $this->url->link('product/product', 'product_id=' . $result['product_id'])
LINE: 75

FILE: catalog/controller/extension/module/special.php
CODE: if ($this->customer->isLogged() || !$this->config->get('config_customer_price')) {
LINE: 28
CODE: 'thumb'       => $image,
LINE: 62
CODE: 'rating'      => $rating,
LINE: 71
CODE: 'href'        => $this->url->link('product/product', 'product_id=' . $result['product_id'])
LINE: 75

FILE: catalog/controller/product/category.php
CODE: if ($this->customer->isLogged() || !$this->config->get('config_customer_price')) {
LINE: 171
CODE: 'thumb'       => $image,
LINE: 205
CODE: 'tax'         => $tax,
LINE: 213
CODE: 'href'        => $this->url->link('product/product', 'path=' . $this->request->get['path'] . '&product_id=' . $result['product_id'] . $url)
LINE: 219

FILE: catalog/controller/product/compare.php
CODE: if ($this->customer->isLogged() || !$this->config->get('config_customer_price')) {
LINE: 63
CODE: 'thumb'        => $image,
LINE: 104
CODE: 'special'      => $special,
LINE: 109

FILE: catalog/controller/product/manufacturer.php
CODE: if ($this->customer->isLogged() || !$this->config->get('config_customer_price')) {
LINE: 162
CODE: 'thumb'       => $image,
LINE: 196
CODE: 'tax'         => $tax,
LINE: 204
CODE: 'href'        => $this->url->link('product/product', 'manufacturer_id=' . $result['manufacturer_id'] . '&product_id=' . $result['product_id'] . $url)
LINE: 210

FILE: catalog/controller/product/product.php
CODE: if ((float)$result['special']) {
LINE: 392
CODE: 'thumb'       => $image,
LINE: 420
CODE: 'tax'         => $tax,
LINE: 428
CODE: 'href'        => $this->url->link('product/product', 'product_id=' . $result['product_id'])
LINE: 434

FILE: catalog/controller/product/search.php
CODE: if ($this->customer->isLogged() || !$this->config->get('config_customer_price')) {
LINE: 199
CODE: 'thumb'       => $image,
LINE: 233
CODE: 'tax'         => $tax,
LINE: 241
CODE: 'href'        => $this->url->link('product/product', 'product_id=' . $result['product_id'] . $url)
LINE: 247

FILE: catalog/controller/product/special.php
CODE: if ($this->customer->isLogged() || !$this->config->get('config_customer_price')) {
LINE: 89
CODE: 'thumb'       => $image,
LINE: 123
CODE: 'tax'         => $tax,
LINE: 131
CODE: 'href'        => $this->url->link('product/product', 'product_id=' . $result['product_id'] . $url)
LINE: 137

FILE: catalog/language/en-gb/en-gb.php
CODE: $_['button_compare']        = 'Compare this Product';
LINE: 28

FILE: catalog/language/en-gb/checkout/cart.php
CODE: $_['text_items']               = '%s';
LINE: 8

FILE: catalog/language/en-gb/common/cart.php
CODE: $_['text_items']     = '%s';
LINE: 2

FILE: catalog/language/en-gb/common/footer.php
CODE: $_['text_affiliate']    = 'Affiliate';
LINE: 10
CODE: $_['text_powered']      = 'Powered By <a href="http://www.opencart.com">OpenCart</a><br /> %s &copy; %s';
LINE: 18

FILE: catalog/language/en-gb/common/header.php
CODE: $_['text_all']           = 'Show All';
LINE: 15

FILE: catalog/language/en-gb/common/menu.php
CODE: $_['text_all'] = 'Show All';
LINE: 2
----------------------------------------------------------------
2019-05-15 4:41:06 - MOD: Modification Default

FILE: system/engine/action.php
REGEX: ~(require|include)(_once)?\(([^)]+)~
LINE: 69

FILE: system/engine/loader.php
REGEX: ~(require|include)(_once)?\(([^)]+)~
LINE: 77
LINE: 151
LINE: 168

FILE: system/library/config.php
REGEX: ~(require|include)(_once)?\(([^)]+)~
LINE: 59

FILE: system/library/language.php
REGEX: ~(require|include)(_once)?\(([^)]+)~
LINE: 67
LINE: 73

FILE: system/library/template/template.php
REGEX: ~(require|include)(_once)?\(([^)]+)~
LINE: 18

FILE: system/library/template/twig.php
CODE: $loader = new \Twig_Loader_Filesystem(DIR_TEMPLATE);
LINE: 19
----------------------------------------------------------------
MOD: babycar

FILE: admin/language/en-gb/design/layout.php
CODE: $_['text_column_right']   = 'Column Right';
LINE: 16

FILE: admin/view/template/design/layout_form.twig
CODE: <button type="button" onclick="addModule('content-bottom');" data-toggle="tooltip" title="{{ button_module_add }}" class="btn btn-primary btn-sm"><i class="fa fa-plus-circle"></i></button>
LINE: 276
CODE: $('#module-column-left, #module-column-right, #module-content-top, #module-content-bottom').delegate('select[name*=\'code\']', 'change', function() {
LINE: 827
CODE: $('#module-column-left, #module-column-right, #module-content-top, #module-content-bottom').trigger('change');
LINE: 839

FILE: catalog/controller/common/footer.php
CODE: $data['powered'] = sprintf($this->language->get('text_powered'), $this->config->get('config_name'), date('Y', time()));
LINE: 31
CODE: return $this->load->view('common/footer', $data);
LINE: 67

FILE: catalog/controller/common/header.php
CODE: $data['name'] = $this->config->get('config_name');
LINE: 37
CODE: $data['language'] = $this->load->controller('common/language');
LINE: 76
CODE: return $this->load->view('common/header', $data);
LINE: 92

FILE: catalog/controller/common/menu.php
CODE: $this->load->model('catalog/product');
LINE: 8
CODE: $categories = $this->model_catalog_category->getCategories(0);
LINE: 22
CODE: $children_data[] = array(
LINE: 42
CODE: 'name'  => $child['name'] . ($this->config->get('config_product_count') ? ' (' . $this->model_catalog_product->getTotalProducts($filter_data) . ')' : ''),
LINE: 60

FILE: catalog/controller/extension/module/bestseller.php
CODE: if ($this->customer->isLogged() || !$this->config->get('config_customer_price')) {
LINE: 21
CODE: 'thumb'       => $image,
LINE: 57
CODE: 'rating'      => $rating,
LINE: 66
CODE: 'href'        => $this->url->link('product/product', 'product_id=' . $result['product_id'])
LINE: 70

FILE: catalog/controller/extension/module/category.php
CODE: public function index() {
LINE: 2
CODE: $this->load->language('extension/module/category');
LINE: 5

FILE: catalog/controller/extension/module/featured.php
CODE: if ($this->customer->isLogged() || !$this->config->get('config_customer_price')) {
LINE: 28
CODE: 'thumb'       => $image,
LINE: 62
CODE: 'rating'      => $rating,
LINE: 71
CODE: 'href'        => $this->url->link('product/product', 'product_id=' . $product_info['product_id'])
LINE: 75

FILE: catalog/controller/extension/module/latest.php
CODE: if ($this->customer->isLogged() || !$this->config->get('config_customer_price')) {
LINE: 28
CODE: 'thumb'       => $image,
LINE: 62
CODE: 'rating'      => $rating,
LINE: 71
CODE: 'href'        => $this->url->link('product/product', 'product_id=' . $result['product_id'])
LINE: 75

FILE: catalog/controller/extension/module/special.php
CODE: if ($this->customer->isLogged() || !$this->config->get('config_customer_price')) {
LINE: 28
CODE: 'thumb'       => $image,
LINE: 62
CODE: 'rating'      => $rating,
LINE: 71
CODE: 'href'        => $this->url->link('product/product', 'product_id=' . $result['product_id'])
LINE: 75

FILE: catalog/controller/product/category.php
CODE: if ($this->customer->isLogged() || !$this->config->get('config_customer_price')) {
LINE: 171
CODE: 'thumb'       => $image,
LINE: 205
CODE: 'tax'         => $tax,
LINE: 213
CODE: 'href'        => $this->url->link('product/product', 'path=' . $this->request->get['path'] . '&product_id=' . $result['product_id'] . $url)
LINE: 219

FILE: catalog/controller/product/compare.php
CODE: if ($this->customer->isLogged() || !$this->config->get('config_customer_price')) {
LINE: 63
CODE: 'thumb'        => $image,
LINE: 104
CODE: 'special'      => $special,
LINE: 109

FILE: catalog/controller/product/manufacturer.php
CODE: if ($this->customer->isLogged() || !$this->config->get('config_customer_price')) {
LINE: 162
CODE: 'thumb'       => $image,
LINE: 196
CODE: 'tax'         => $tax,
LINE: 204
CODE: 'href'        => $this->url->link('product/product', 'manufacturer_id=' . $result['manufacturer_id'] . '&product_id=' . $result['product_id'] . $url)
LINE: 210

FILE: catalog/controller/product/product.php
CODE: if ((float)$result['special']) {
LINE: 392
CODE: 'thumb'       => $image,
LINE: 420
CODE: 'tax'         => $tax,
LINE: 428
CODE: 'href'        => $this->url->link('product/product', 'product_id=' . $result['product_id'])
LINE: 434

FILE: catalog/controller/product/search.php
CODE: if ($this->customer->isLogged() || !$this->config->get('config_customer_price')) {
LINE: 199
CODE: 'thumb'       => $image,
LINE: 233
CODE: 'tax'         => $tax,
LINE: 241
CODE: 'href'        => $this->url->link('product/product', 'product_id=' . $result['product_id'] . $url)
LINE: 247

FILE: catalog/controller/product/special.php
CODE: if ($this->customer->isLogged() || !$this->config->get('config_customer_price')) {
LINE: 89
CODE: 'thumb'       => $image,
LINE: 123
CODE: 'tax'         => $tax,
LINE: 131
CODE: 'href'        => $this->url->link('product/product', 'product_id=' . $result['product_id'] . $url)
LINE: 137

FILE: catalog/language/en-gb/en-gb.php
CODE: $_['button_compare']        = 'Compare this Product';
LINE: 28

FILE: catalog/language/en-gb/checkout/cart.php
CODE: $_['text_items']               = '%s';
LINE: 8

FILE: catalog/language/en-gb/common/cart.php
CODE: $_['text_items']     = '%s';
NOT FOUND - OPERATIONS ABORTED!
CODE: $_['total.text']     = '%s';
NOT FOUND - OPERATIONS ABORTED!

FILE: catalog/language/en-gb/common/footer.php
CODE: $_['text_affiliate']    = 'Affiliate';
LINE: 10
CODE: $_['text_powered']      = 'Powered By <a href="http://www.opencart.com">OpenCart</a><br /> %s &copy; %s';
LINE: 18

FILE: catalog/language/en-gb/common/header.php
CODE: $_['text_all']           = 'Show All';
LINE: 15

FILE: catalog/language/en-gb/common/menu.php
CODE: $_['text_all'] = 'Show All';
LINE: 2
----------------------------------------------------------------
2019-05-15 4:44:34 - MOD: Modification Default

FILE: system/engine/action.php
REGEX: ~(require|include)(_once)?\(([^)]+)~
LINE: 69

FILE: system/engine/loader.php
REGEX: ~(require|include)(_once)?\(([^)]+)~
LINE: 77
LINE: 151
LINE: 168

FILE: system/library/config.php
REGEX: ~(require|include)(_once)?\(([^)]+)~
LINE: 59

FILE: system/library/language.php
REGEX: ~(require|include)(_once)?\(([^)]+)~
LINE: 67
LINE: 73

FILE: system/library/template/template.php
REGEX: ~(require|include)(_once)?\(([^)]+)~
LINE: 18

FILE: system/library/template/twig.php
CODE: $loader = new \Twig_Loader_Filesystem(DIR_TEMPLATE);
LINE: 19
----------------------------------------------------------------
MOD: babycar

FILE: admin/language/en-gb/design/layout.php
CODE: $_['text_column_right']   = 'Column Right';
LINE: 16

FILE: admin/view/template/design/layout_form.twig
CODE: <button type="button" onclick="addModule('content-bottom');" data-toggle="tooltip" title="{{ button_module_add }}" class="btn btn-primary btn-sm"><i class="fa fa-plus-circle"></i></button>
LINE: 276
CODE: $('#module-column-left, #module-column-right, #module-content-top, #module-content-bottom').delegate('select[name*=\'code\']', 'change', function() {
LINE: 827
CODE: $('#module-column-left, #module-column-right, #module-content-top, #module-content-bottom').trigger('change');
LINE: 839

FILE: catalog/controller/common/footer.php
CODE: $data['powered'] = sprintf($this->language->get('text_powered'), $this->config->get('config_name'), date('Y', time()));
LINE: 31
CODE: return $this->load->view('common/footer', $data);
LINE: 67

FILE: catalog/controller/common/header.php
CODE: $data['name'] = $this->config->get('config_name');
LINE: 37
CODE: $data['language'] = $this->load->controller('common/language');
LINE: 76
CODE: return $this->load->view('common/header', $data);
LINE: 92

FILE: catalog/controller/common/menu.php
CODE: $this->load->model('catalog/product');
LINE: 8
CODE: $categories = $this->model_catalog_category->getCategories(0);
LINE: 22
CODE: $children_data[] = array(
LINE: 42
CODE: 'name'  => $child['name'] . ($this->config->get('config_product_count') ? ' (' . $this->model_catalog_product->getTotalProducts($filter_data) . ')' : ''),
LINE: 60

FILE: catalog/controller/extension/module/bestseller.php
CODE: if ($this->customer->isLogged() || !$this->config->get('config_customer_price')) {
LINE: 21
CODE: 'thumb'       => $image,
LINE: 57
CODE: 'rating'      => $rating,
LINE: 66
CODE: 'href'        => $this->url->link('product/product', 'product_id=' . $result['product_id'])
LINE: 70

FILE: catalog/controller/extension/module/category.php
CODE: public function index() {
LINE: 2
CODE: $this->load->language('extension/module/category');
LINE: 5

FILE: catalog/controller/extension/module/featured.php
CODE: if ($this->customer->isLogged() || !$this->config->get('config_customer_price')) {
LINE: 28
CODE: 'thumb'       => $image,
LINE: 62
CODE: 'rating'      => $rating,
LINE: 71
CODE: 'href'        => $this->url->link('product/product', 'product_id=' . $product_info['product_id'])
LINE: 75

FILE: catalog/controller/extension/module/latest.php
CODE: if ($this->customer->isLogged() || !$this->config->get('config_customer_price')) {
LINE: 28
CODE: 'thumb'       => $image,
LINE: 62
CODE: 'rating'      => $rating,
LINE: 71
CODE: 'href'        => $this->url->link('product/product', 'product_id=' . $result['product_id'])
LINE: 75

FILE: catalog/controller/extension/module/special.php
CODE: if ($this->customer->isLogged() || !$this->config->get('config_customer_price')) {
LINE: 28
CODE: 'thumb'       => $image,
LINE: 62
CODE: 'rating'      => $rating,
LINE: 71
CODE: 'href'        => $this->url->link('product/product', 'product_id=' . $result['product_id'])
LINE: 75

FILE: catalog/controller/product/category.php
CODE: if ($this->customer->isLogged() || !$this->config->get('config_customer_price')) {
LINE: 171
CODE: 'thumb'       => $image,
LINE: 205
CODE: 'tax'         => $tax,
LINE: 213
CODE: 'href'        => $this->url->link('product/product', 'path=' . $this->request->get['path'] . '&product_id=' . $result['product_id'] . $url)
LINE: 219

FILE: catalog/controller/product/compare.php
CODE: if ($this->customer->isLogged() || !$this->config->get('config_customer_price')) {
LINE: 63
CODE: 'thumb'        => $image,
LINE: 104
CODE: 'special'      => $special,
LINE: 109

FILE: catalog/controller/product/manufacturer.php
CODE: if ($this->customer->isLogged() || !$this->config->get('config_customer_price')) {
LINE: 162
CODE: 'thumb'       => $image,
LINE: 196
CODE: 'tax'         => $tax,
LINE: 204
CODE: 'href'        => $this->url->link('product/product', 'manufacturer_id=' . $result['manufacturer_id'] . '&product_id=' . $result['product_id'] . $url)
LINE: 210

FILE: catalog/controller/product/product.php
CODE: if ((float)$result['special']) {
LINE: 392
CODE: 'thumb'       => $image,
LINE: 420
CODE: 'tax'         => $tax,
LINE: 428
CODE: 'href'        => $this->url->link('product/product', 'product_id=' . $result['product_id'])
LINE: 434

FILE: catalog/controller/product/search.php
CODE: if ($this->customer->isLogged() || !$this->config->get('config_customer_price')) {
LINE: 199
CODE: 'thumb'       => $image,
LINE: 233
CODE: 'tax'         => $tax,
LINE: 241
CODE: 'href'        => $this->url->link('product/product', 'product_id=' . $result['product_id'] . $url)
LINE: 247

FILE: catalog/controller/product/special.php
CODE: if ($this->customer->isLogged() || !$this->config->get('config_customer_price')) {
LINE: 89
CODE: 'thumb'       => $image,
LINE: 123
CODE: 'tax'         => $tax,
LINE: 131
CODE: 'href'        => $this->url->link('product/product', 'product_id=' . $result['product_id'] . $url)
LINE: 137

FILE: catalog/language/en-gb/en-gb.php
CODE: $_['button_compare']        = 'Compare this Product';
LINE: 28

FILE: catalog/language/en-gb/checkout/cart.php
CODE: $_['text_items']               = '%s';
LINE: 8

FILE: catalog/language/en-gb/common/cart.php
CODE: $_['text_items']     = '%s';
LINE: 2
CODE: $_['total_price']     = '%s';
NOT FOUND - OPERATIONS ABORTED!

FILE: catalog/language/en-gb/common/footer.php
CODE: $_['text_affiliate']    = 'Affiliate';
LINE: 10
CODE: $_['text_powered']      = 'Powered By <a href="http://www.opencart.com">OpenCart</a><br /> %s &copy; %s';
LINE: 18

FILE: catalog/language/en-gb/common/header.php
CODE: $_['text_all']           = 'Show All';
LINE: 15

FILE: catalog/language/en-gb/common/menu.php
CODE: $_['text_all'] = 'Show All';
LINE: 2
----------------------------------------------------------------
2019-05-15 4:46:32 - MOD: Modification Default

FILE: system/engine/action.php
REGEX: ~(require|include)(_once)?\(([^)]+)~
LINE: 69

FILE: system/engine/loader.php
REGEX: ~(require|include)(_once)?\(([^)]+)~
LINE: 77
LINE: 151
LINE: 168

FILE: system/library/config.php
REGEX: ~(require|include)(_once)?\(([^)]+)~
LINE: 59

FILE: system/library/language.php
REGEX: ~(require|include)(_once)?\(([^)]+)~
LINE: 67
LINE: 73

FILE: system/library/template/template.php
REGEX: ~(require|include)(_once)?\(([^)]+)~
LINE: 18

FILE: system/library/template/twig.php
CODE: $loader = new \Twig_Loader_Filesystem(DIR_TEMPLATE);
LINE: 19
----------------------------------------------------------------
MOD: babycar

FILE: admin/language/en-gb/design/layout.php
CODE: $_['text_column_right']   = 'Column Right';
LINE: 16

FILE: admin/view/template/design/layout_form.twig
CODE: <button type="button" onclick="addModule('content-bottom');" data-toggle="tooltip" title="{{ button_module_add }}" class="btn btn-primary btn-sm"><i class="fa fa-plus-circle"></i></button>
LINE: 276
CODE: $('#module-column-left, #module-column-right, #module-content-top, #module-content-bottom').delegate('select[name*=\'code\']', 'change', function() {
LINE: 827
CODE: $('#module-column-left, #module-column-right, #module-content-top, #module-content-bottom').trigger('change');
LINE: 839

FILE: catalog/controller/common/footer.php
CODE: $data['powered'] = sprintf($this->language->get('text_powered'), $this->config->get('config_name'), date('Y', time()));
LINE: 31
CODE: return $this->load->view('common/footer', $data);
LINE: 67

FILE: catalog/controller/common/header.php
CODE: $data['name'] = $this->config->get('config_name');
LINE: 37
CODE: $data['language'] = $this->load->controller('common/language');
LINE: 76
CODE: return $this->load->view('common/header', $data);
LINE: 92

FILE: catalog/controller/common/menu.php
CODE: $this->load->model('catalog/product');
LINE: 8
CODE: $categories = $this->model_catalog_category->getCategories(0);
LINE: 22
CODE: $children_data[] = array(
LINE: 42
CODE: 'name'  => $child['name'] . ($this->config->get('config_product_count') ? ' (' . $this->model_catalog_product->getTotalProducts($filter_data) . ')' : ''),
LINE: 60

FILE: catalog/controller/extension/module/bestseller.php
CODE: if ($this->customer->isLogged() || !$this->config->get('config_customer_price')) {
LINE: 21
CODE: 'thumb'       => $image,
LINE: 57
CODE: 'rating'      => $rating,
LINE: 66
CODE: 'href'        => $this->url->link('product/product', 'product_id=' . $result['product_id'])
LINE: 70

FILE: catalog/controller/extension/module/category.php
CODE: public function index() {
LINE: 2
CODE: $this->load->language('extension/module/category');
LINE: 5

FILE: catalog/controller/extension/module/featured.php
CODE: if ($this->customer->isLogged() || !$this->config->get('config_customer_price')) {
LINE: 28
CODE: 'thumb'       => $image,
LINE: 62
CODE: 'rating'      => $rating,
LINE: 71
CODE: 'href'        => $this->url->link('product/product', 'product_id=' . $product_info['product_id'])
LINE: 75

FILE: catalog/controller/extension/module/latest.php
CODE: if ($this->customer->isLogged() || !$this->config->get('config_customer_price')) {
LINE: 28
CODE: 'thumb'       => $image,
LINE: 62
CODE: 'rating'      => $rating,
LINE: 71
CODE: 'href'        => $this->url->link('product/product', 'product_id=' . $result['product_id'])
LINE: 75

FILE: catalog/controller/extension/module/special.php
CODE: if ($this->customer->isLogged() || !$this->config->get('config_customer_price')) {
LINE: 28
CODE: 'thumb'       => $image,
LINE: 62
CODE: 'rating'      => $rating,
LINE: 71
CODE: 'href'        => $this->url->link('product/product', 'product_id=' . $result['product_id'])
LINE: 75

FILE: catalog/controller/product/category.php
CODE: if ($this->customer->isLogged() || !$this->config->get('config_customer_price')) {
LINE: 171
CODE: 'thumb'       => $image,
LINE: 205
CODE: 'tax'         => $tax,
LINE: 213
CODE: 'href'        => $this->url->link('product/product', 'path=' . $this->request->get['path'] . '&product_id=' . $result['product_id'] . $url)
LINE: 219

FILE: catalog/controller/product/compare.php
CODE: if ($this->customer->isLogged() || !$this->config->get('config_customer_price')) {
LINE: 63
CODE: 'thumb'        => $image,
LINE: 104
CODE: 'special'      => $special,
LINE: 109

FILE: catalog/controller/product/manufacturer.php
CODE: if ($this->customer->isLogged() || !$this->config->get('config_customer_price')) {
LINE: 162
CODE: 'thumb'       => $image,
LINE: 196
CODE: 'tax'         => $tax,
LINE: 204
CODE: 'href'        => $this->url->link('product/product', 'manufacturer_id=' . $result['manufacturer_id'] . '&product_id=' . $result['product_id'] . $url)
LINE: 210

FILE: catalog/controller/product/product.php
CODE: if ((float)$result['special']) {
LINE: 392
CODE: 'thumb'       => $image,
LINE: 420
CODE: 'tax'         => $tax,
LINE: 428
CODE: 'href'        => $this->url->link('product/product', 'product_id=' . $result['product_id'])
LINE: 434

FILE: catalog/controller/product/search.php
CODE: if ($this->customer->isLogged() || !$this->config->get('config_customer_price')) {
LINE: 199
CODE: 'thumb'       => $image,
LINE: 233
CODE: 'tax'         => $tax,
LINE: 241
CODE: 'href'        => $this->url->link('product/product', 'product_id=' . $result['product_id'] . $url)
LINE: 247

FILE: catalog/controller/product/special.php
CODE: if ($this->customer->isLogged() || !$this->config->get('config_customer_price')) {
LINE: 89
CODE: 'thumb'       => $image,
LINE: 123
CODE: 'tax'         => $tax,
LINE: 131
CODE: 'href'        => $this->url->link('product/product', 'product_id=' . $result['product_id'] . $url)
LINE: 137

FILE: catalog/language/en-gb/en-gb.php
CODE: $_['button_compare']        = 'Compare this Product';
LINE: 28

FILE: catalog/language/en-gb/checkout/cart.php
CODE: $_['text_items']               = '%s';
LINE: 8

FILE: catalog/language/en-gb/common/cart.php
CODE: $_['text_items']     = '%s';
LINE: 2

FILE: catalog/language/en-gb/common/footer.php
CODE: $_['text_affiliate']    = 'Affiliate';
LINE: 10
CODE: $_['text_powered']      = 'Powered By <a href="http://www.opencart.com">OpenCart</a><br /> %s &copy; %s';
LINE: 18

FILE: catalog/language/en-gb/common/header.php
CODE: $_['text_all']           = 'Show All';
LINE: 15

FILE: catalog/language/en-gb/common/menu.php
CODE: $_['text_all'] = 'Show All';
LINE: 2
----------------------------------------------------------------
2019-05-16 9:32:31 - MOD: Modification Default

FILE: system/engine/action.php
REGEX: ~(require|include)(_once)?\(([^)]+)~
LINE: 69

FILE: system/engine/loader.php
REGEX: ~(require|include)(_once)?\(([^)]+)~
LINE: 77
LINE: 151
LINE: 168

FILE: system/library/config.php
REGEX: ~(require|include)(_once)?\(([^)]+)~
LINE: 59

FILE: system/library/language.php
REGEX: ~(require|include)(_once)?\(([^)]+)~
LINE: 67
LINE: 73

FILE: system/library/template/template.php
REGEX: ~(require|include)(_once)?\(([^)]+)~
LINE: 18

FILE: system/library/template/twig.php
CODE: $loader = new \Twig_Loader_Filesystem(DIR_TEMPLATE);
LINE: 19
----------------------------------------------------------------
MOD: babycar

FILE: admin/language/en-gb/design/layout.php
CODE: $_['text_column_right']   = 'Column Right';
LINE: 16

FILE: admin/view/template/design/layout_form.twig
CODE: <button type="button" onclick="addModule('content-bottom');" data-toggle="tooltip" title="{{ button_module_add }}" class="btn btn-primary btn-sm"><i class="fa fa-plus-circle"></i></button>
LINE: 276
CODE: $('#module-column-left, #module-column-right, #module-content-top, #module-content-bottom').delegate('select[name*=\'code\']', 'change', function() {
LINE: 827
CODE: $('#module-column-left, #module-column-right, #module-content-top, #module-content-bottom').trigger('change');
LINE: 839

FILE: catalog/controller/common/footer.php
CODE: $data['powered'] = sprintf($this->language->get('text_powered'), $this->config->get('config_name'), date('Y', time()));
LINE: 31
CODE: return $this->load->view('common/footer', $data);
LINE: 67

FILE: catalog/controller/common/header.php
CODE: $data['name'] = $this->config->get('config_name');
LINE: 37
CODE: $data['language'] = $this->load->controller('common/language');
LINE: 76
CODE: return $this->load->view('common/header', $data);
LINE: 92

FILE: catalog/controller/common/menu.php
CODE: $this->load->model('catalog/product');
LINE: 8
CODE: $categories = $this->model_catalog_category->getCategories(0);
LINE: 22
CODE: $children_data[] = array(
LINE: 42
CODE: 'name'  => $child['name'] . ($this->config->get('config_product_count') ? ' (' . $this->model_catalog_product->getTotalProducts($filter_data) . ')' : ''),
LINE: 60

FILE: catalog/controller/extension/module/bestseller.php
CODE: if ($this->customer->isLogged() || !$this->config->get('config_customer_price')) {
LINE: 21
CODE: 'thumb'       => $image,
LINE: 57
CODE: 'rating'      => $rating,
LINE: 66
CODE: 'href'        => $this->url->link('product/product', 'product_id=' . $result['product_id'])
LINE: 70

FILE: catalog/controller/extension/module/category.php
CODE: public function index() {
LINE: 2
CODE: $this->load->language('extension/module/category');
LINE: 5

FILE: catalog/controller/extension/module/featured.php
CODE: if ($this->customer->isLogged() || !$this->config->get('config_customer_price')) {
LINE: 28
CODE: 'thumb'       => $image,
LINE: 62
CODE: 'rating'      => $rating,
LINE: 71
CODE: 'href'        => $this->url->link('product/product', 'product_id=' . $product_info['product_id'])
LINE: 75

FILE: catalog/controller/extension/module/latest.php
CODE: if ($this->customer->isLogged() || !$this->config->get('config_customer_price')) {
LINE: 28
CODE: 'thumb'       => $image,
LINE: 62
CODE: 'rating'      => $rating,
LINE: 71
CODE: 'href'        => $this->url->link('product/product', 'product_id=' . $result['product_id'])
LINE: 75

FILE: catalog/controller/extension/module/special.php
CODE: if ($this->customer->isLogged() || !$this->config->get('config_customer_price')) {
LINE: 28
CODE: 'thumb'       => $image,
LINE: 62
CODE: 'rating'      => $rating,
LINE: 71
CODE: 'href'        => $this->url->link('product/product', 'product_id=' . $result['product_id'])
LINE: 75

FILE: catalog/controller/product/category.php
CODE: if ($this->customer->isLogged() || !$this->config->get('config_customer_price')) {
LINE: 171
CODE: 'thumb'       => $image,
LINE: 205
CODE: 'tax'         => $tax,
LINE: 213
CODE: 'href'        => $this->url->link('product/product', 'path=' . $this->request->get['path'] . '&product_id=' . $result['product_id'] . $url)
LINE: 219

FILE: catalog/controller/product/compare.php
CODE: if ($this->customer->isLogged() || !$this->config->get('config_customer_price')) {
LINE: 63
CODE: 'thumb'        => $image,
LINE: 104
CODE: 'special'      => $special,
LINE: 109

FILE: catalog/controller/product/manufacturer.php
CODE: if ($this->customer->isLogged() || !$this->config->get('config_customer_price')) {
LINE: 162
CODE: 'thumb'       => $image,
LINE: 196
CODE: 'tax'         => $tax,
LINE: 204
CODE: 'href'        => $this->url->link('product/product', 'manufacturer_id=' . $result['manufacturer_id'] . '&product_id=' . $result['product_id'] . $url)
LINE: 210

FILE: catalog/controller/product/product.php
CODE: if ((float)$result['special']) {
LINE: 392
CODE: 'thumb'       => $image,
LINE: 420
CODE: 'tax'         => $tax,
LINE: 428
CODE: 'href'        => $this->url->link('product/product', 'product_id=' . $result['product_id'])
LINE: 434

FILE: catalog/controller/product/search.php
CODE: if ($this->customer->isLogged() || !$this->config->get('config_customer_price')) {
LINE: 199
CODE: 'thumb'       => $image,
LINE: 233
CODE: 'tax'         => $tax,
LINE: 241
CODE: 'href'        => $this->url->link('product/product', 'product_id=' . $result['product_id'] . $url)
LINE: 247

FILE: catalog/controller/product/special.php
CODE: if ($this->customer->isLogged() || !$this->config->get('config_customer_price')) {
LINE: 89
CODE: 'thumb'       => $image,
LINE: 123
CODE: 'tax'         => $tax,
LINE: 131
CODE: 'href'        => $this->url->link('product/product', 'product_id=' . $result['product_id'] . $url)
LINE: 137

FILE: catalog/language/en-gb/en-gb.php
CODE: $_['button_compare']        = 'Compare this Product';
LINE: 28

FILE: catalog/language/en-gb/checkout/cart.php
CODE: $_['text_items']               = '%s';
LINE: 8

FILE: catalog/language/en-gb/common/cart.php
CODE: $_['text_items']     = '%s';
NOT FOUND - OPERATIONS ABORTED!

FILE: catalog/language/en-gb/common/footer.php
CODE: $_['text_affiliate']    = 'Affiliate';
LINE: 10
CODE: $_['text_powered']      = 'Powered By <a href="http://www.opencart.com">OpenCart</a><br /> %s &copy; %s';
LINE: 18

FILE: catalog/language/en-gb/common/header.php
CODE: $_['text_all']           = 'Show All';
LINE: 15

FILE: catalog/language/en-gb/common/menu.php
CODE: $_['text_all'] = 'Show All';
LINE: 2
----------------------------------------------------------------
2019-05-16 9:53:46 - MOD: Modification Default

FILE: system/engine/action.php
REGEX: ~(require|include)(_once)?\(([^)]+)~
LINE: 69

FILE: system/engine/loader.php
REGEX: ~(require|include)(_once)?\(([^)]+)~
LINE: 77
LINE: 151
LINE: 168

FILE: system/library/config.php
REGEX: ~(require|include)(_once)?\(([^)]+)~
LINE: 59

FILE: system/library/language.php
REGEX: ~(require|include)(_once)?\(([^)]+)~
LINE: 67
LINE: 73

FILE: system/library/template/template.php
REGEX: ~(require|include)(_once)?\(([^)]+)~
LINE: 18

FILE: system/library/template/twig.php
CODE: $loader = new \Twig_Loader_Filesystem(DIR_TEMPLATE);
LINE: 19
----------------------------------------------------------------
MOD: babycar

FILE: admin/language/en-gb/design/layout.php
CODE: $_['text_column_right']   = 'Column Right';
LINE: 16

FILE: admin/view/template/design/layout_form.twig
CODE: <button type="button" onclick="addModule('content-bottom');" data-toggle="tooltip" title="{{ button_module_add }}" class="btn btn-primary btn-sm"><i class="fa fa-plus-circle"></i></button>
LINE: 276
CODE: $('#module-column-left, #module-column-right, #module-content-top, #module-content-bottom').delegate('select[name*=\'code\']', 'change', function() {
LINE: 827
CODE: $('#module-column-left, #module-column-right, #module-content-top, #module-content-bottom').trigger('change');
LINE: 839

FILE: catalog/controller/common/footer.php
CODE: $data['powered'] = sprintf($this->language->get('text_powered'), $this->config->get('config_name'), date('Y', time()));
LINE: 31
CODE: return $this->load->view('common/footer', $data);
LINE: 67

FILE: catalog/controller/common/header.php
CODE: $data['name'] = $this->config->get('config_name');
LINE: 37
CODE: $data['language'] = $this->load->controller('common/language');
LINE: 76
CODE: return $this->load->view('common/header', $data);
LINE: 92

FILE: catalog/controller/common/menu.php
CODE: $this->load->model('catalog/product');
LINE: 8
CODE: $categories = $this->model_catalog_category->getCategories(0);
LINE: 22
CODE: $children_data[] = array(
LINE: 42
CODE: 'name'  => $child['name'] . ($this->config->get('config_product_count') ? ' (' . $this->model_catalog_product->getTotalProducts($filter_data) . ')' : ''),
LINE: 60

FILE: catalog/controller/extension/module/bestseller.php
CODE: if ($this->customer->isLogged() || !$this->config->get('config_customer_price')) {
LINE: 21
CODE: 'thumb'       => $image,
LINE: 57
CODE: 'rating'      => $rating,
LINE: 66
CODE: 'href'        => $this->url->link('product/product', 'product_id=' . $result['product_id'])
LINE: 70

FILE: catalog/controller/extension/module/category.php
CODE: public function index() {
LINE: 2
CODE: $this->load->language('extension/module/category');
LINE: 5

FILE: catalog/controller/extension/module/featured.php
CODE: if ($this->customer->isLogged() || !$this->config->get('config_customer_price')) {
LINE: 28
CODE: 'thumb'       => $image,
LINE: 62
CODE: 'rating'      => $rating,
LINE: 71
CODE: 'href'        => $this->url->link('product/product', 'product_id=' . $product_info['product_id'])
LINE: 75

FILE: catalog/controller/extension/module/latest.php
CODE: if ($this->customer->isLogged() || !$this->config->get('config_customer_price')) {
LINE: 28
CODE: 'thumb'       => $image,
LINE: 62
CODE: 'rating'      => $rating,
LINE: 71
CODE: 'href'        => $this->url->link('product/product', 'product_id=' . $result['product_id'])
LINE: 75

FILE: catalog/controller/extension/module/special.php
CODE: if ($this->customer->isLogged() || !$this->config->get('config_customer_price')) {
LINE: 28
CODE: 'thumb'       => $image,
LINE: 62
CODE: 'rating'      => $rating,
LINE: 71
CODE: 'href'        => $this->url->link('product/product', 'product_id=' . $result['product_id'])
LINE: 75

FILE: catalog/controller/product/category.php
CODE: if ($this->customer->isLogged() || !$this->config->get('config_customer_price')) {
LINE: 171
CODE: 'thumb'       => $image,
LINE: 205
CODE: 'tax'         => $tax,
LINE: 213
CODE: 'href'        => $this->url->link('product/product', 'path=' . $this->request->get['path'] . '&product_id=' . $result['product_id'] . $url)
LINE: 219

FILE: catalog/controller/product/compare.php
CODE: if ($this->customer->isLogged() || !$this->config->get('config_customer_price')) {
LINE: 63
CODE: 'thumb'        => $image,
LINE: 104
CODE: 'special'      => $special,
LINE: 109

FILE: catalog/controller/product/manufacturer.php
CODE: if ($this->customer->isLogged() || !$this->config->get('config_customer_price')) {
LINE: 162
CODE: 'thumb'       => $image,
LINE: 196
CODE: 'tax'         => $tax,
LINE: 204
CODE: 'href'        => $this->url->link('product/product', 'manufacturer_id=' . $result['manufacturer_id'] . '&product_id=' . $result['product_id'] . $url)
LINE: 210

FILE: catalog/controller/product/product.php
CODE: if ((float)$result['special']) {
LINE: 392
CODE: 'thumb'       => $image,
LINE: 420
CODE: 'tax'         => $tax,
LINE: 428
CODE: 'href'        => $this->url->link('product/product', 'product_id=' . $result['product_id'])
LINE: 434

FILE: catalog/controller/product/search.php
CODE: if ($this->customer->isLogged() || !$this->config->get('config_customer_price')) {
LINE: 199
CODE: 'thumb'       => $image,
LINE: 233
CODE: 'tax'         => $tax,
LINE: 241
CODE: 'href'        => $this->url->link('product/product', 'product_id=' . $result['product_id'] . $url)
LINE: 247

FILE: catalog/controller/product/special.php
CODE: if ($this->customer->isLogged() || !$this->config->get('config_customer_price')) {
LINE: 89
CODE: 'thumb'       => $image,
LINE: 123
CODE: 'tax'         => $tax,
LINE: 131
CODE: 'href'        => $this->url->link('product/product', 'product_id=' . $result['product_id'] . $url)
LINE: 137

FILE: catalog/language/en-gb/en-gb.php
CODE: $_['button_compare']        = 'Compare this Product';
LINE: 28

FILE: catalog/language/en-gb/checkout/cart.php
CODE: $_['text_items']               = '%s';
LINE: 8

FILE: catalog/language/en-gb/common/cart.php
CODE: $_['text_items']     = '%s';
NOT FOUND - OPERATIONS ABORTED!

FILE: catalog/language/en-gb/common/footer.php
CODE: $_['text_affiliate']    = 'Affiliate';
LINE: 10
CODE: $_['text_powered']      = 'Powered By <a href="http://www.opencart.com">OpenCart</a><br /> %s &copy; %s';
LINE: 18

FILE: catalog/language/en-gb/common/header.php
CODE: $_['text_all']           = 'Show All';
LINE: 15

FILE: catalog/language/en-gb/common/menu.php
CODE: $_['text_all'] = 'Show All';
LINE: 2
----------------------------------------------------------------
2019-06-06 7:45:43 - MOD: Modification Default

FILE: system/engine/action.php
REGEX: ~(require|include)(_once)?\(([^)]+)~
LINE: 69

FILE: system/engine/loader.php
REGEX: ~(require|include)(_once)?\(([^)]+)~
LINE: 77
LINE: 151
LINE: 168

FILE: system/library/config.php
REGEX: ~(require|include)(_once)?\(([^)]+)~
LINE: 59

FILE: system/library/language.php
REGEX: ~(require|include)(_once)?\(([^)]+)~
LINE: 67
LINE: 73

FILE: system/library/template/template.php
REGEX: ~(require|include)(_once)?\(([^)]+)~
LINE: 18

FILE: system/library/template/twig.php
CODE: $loader = new \Twig_Loader_Filesystem(DIR_TEMPLATE);
LINE: 19
----------------------------------------------------------------
MOD: metromarket

FILE: admin/language/en-gb/design/layout.php
CODE: $_['text_column_right']   = 'Column Right';
LINE: 16

FILE: admin/view/template/design/layout_form.twig
CODE: <button type="button" onclick="addModule('content-bottom');" data-toggle="tooltip" title="{{ button_module_add }}" class="btn btn-primary btn-sm"><i class="fa fa-plus-circle"></i></button>
LINE: 276
CODE: $('#module-column-left, #module-column-right, #module-content-top, #module-content-bottom').delegate('select[name*=\'code\']', 'change', function() {
LINE: 827
CODE: $('#module-column-left, #module-column-right, #module-content-top, #module-content-bottom').trigger('change');
LINE: 839

FILE: catalog/controller/common/footer.php
CODE: $data['powered'] = sprintf($this->language->get('text_powered'), $this->config->get('config_name'), date('Y', time()));
LINE: 31
CODE: return $this->load->view('common/footer', $data);
LINE: 67

FILE: catalog/controller/common/header.php
CODE: $data['name'] = $this->config->get('config_name');
LINE: 37
CODE: $data['language'] = $this->load->controller('common/language');
LINE: 76
CODE: return $this->load->view('common/header', $data);
LINE: 92

FILE: catalog/controller/common/menu.php
CODE: $this->load->model('catalog/product');
LINE: 8
CODE: $categories = $this->model_catalog_category->getCategories(0);
LINE: 22
CODE: $children_data[] = array(
LINE: 42
CODE: 'name'  => $child['name'] . ($this->config->get('config_product_count') ? ' (' . $this->model_catalog_product->getTotalProducts($filter_data) . ')' : ''),
LINE: 60

FILE: catalog/controller/extension/module/bestseller.php
CODE: if ($this->customer->isLogged() || !$this->config->get('config_customer_price')) {
LINE: 21
CODE: 'thumb'       => $image,
LINE: 57
CODE: 'rating'      => $rating,
LINE: 66
CODE: 'href'        => $this->url->link('product/product', 'product_id=' . $result['product_id'])
LINE: 70

FILE: catalog/controller/extension/module/category.php
CODE: public function index() {
LINE: 2
CODE: $this->load->language('extension/module/category');
LINE: 5

FILE: catalog/controller/extension/module/featured.php
CODE: if ($this->customer->isLogged() || !$this->config->get('config_customer_price')) {
LINE: 28
CODE: 'thumb'       => $image,
LINE: 62
CODE: 'rating'      => $rating,
LINE: 71
CODE: 'href'        => $this->url->link('product/product', 'product_id=' . $product_info['product_id'])
LINE: 75

FILE: catalog/controller/extension/module/latest.php
CODE: if ($this->customer->isLogged() || !$this->config->get('config_customer_price')) {
LINE: 28
CODE: 'thumb'       => $image,
LINE: 62
CODE: 'rating'      => $rating,
LINE: 71
CODE: 'href'        => $this->url->link('product/product', 'product_id=' . $result['product_id'])
LINE: 75

FILE: catalog/controller/extension/module/special.php
CODE: if ($this->customer->isLogged() || !$this->config->get('config_customer_price')) {
LINE: 28
CODE: 'thumb'       => $image,
LINE: 62
CODE: 'rating'      => $rating,
LINE: 71
CODE: 'href'        => $this->url->link('product/product', 'product_id=' . $result['product_id'])
LINE: 75

FILE: catalog/controller/product/category.php
CODE: if ($this->customer->isLogged() || !$this->config->get('config_customer_price')) {
LINE: 171
CODE: 'thumb'       => $image,
LINE: 205
CODE: 'tax'         => $tax,
LINE: 213
CODE: 'href'        => $this->url->link('product/product', 'path=' . $this->request->get['path'] . '&product_id=' . $result['product_id'] . $url)
LINE: 219

FILE: catalog/controller/product/compare.php
CODE: if ($this->customer->isLogged() || !$this->config->get('config_customer_price')) {
LINE: 63
CODE: 'thumb'        => $image,
LINE: 104
CODE: 'special'      => $special,
LINE: 109

FILE: catalog/controller/product/manufacturer.php
CODE: if ($this->customer->isLogged() || !$this->config->get('config_customer_price')) {
LINE: 162
CODE: 'thumb'       => $image,
LINE: 196
CODE: 'tax'         => $tax,
LINE: 204
CODE: 'href'        => $this->url->link('product/product', 'manufacturer_id=' . $result['manufacturer_id'] . '&product_id=' . $result['product_id'] . $url)
LINE: 210

FILE: catalog/controller/product/product.php
CODE: if ((float)$result['special']) {
LINE: 392
CODE: 'thumb'       => $image,
LINE: 420
CODE: 'tax'         => $tax,
LINE: 428
CODE: 'href'        => $this->url->link('product/product', 'product_id=' . $result['product_id'])
LINE: 434

FILE: catalog/controller/product/search.php
CODE: if ($this->customer->isLogged() || !$this->config->get('config_customer_price')) {
LINE: 199
CODE: 'thumb'       => $image,
LINE: 233
CODE: 'tax'         => $tax,
LINE: 241
CODE: 'href'        => $this->url->link('product/product', 'product_id=' . $result['product_id'] . $url)
LINE: 247

FILE: catalog/controller/product/special.php
CODE: if ($this->customer->isLogged() || !$this->config->get('config_customer_price')) {
LINE: 89
CODE: 'thumb'       => $image,
LINE: 123
CODE: 'tax'         => $tax,
LINE: 131
CODE: 'href'        => $this->url->link('product/product', 'product_id=' . $result['product_id'] . $url)
LINE: 137

FILE: catalog/language/en-gb/en-gb.php
CODE: $_['button_compare']        = 'Compare this Product';
LINE: 28

FILE: catalog/language/en-gb/checkout/cart.php
CODE: $_['text_items']               = '%s';
LINE: 8

FILE: catalog/language/en-gb/common/cart.php
CODE: $_['text_items']     = '%s';
LINE: 2

FILE: catalog/language/en-gb/common/footer.php
CODE: $_['text_affiliate']    = 'Affiliate';
LINE: 10
CODE: $_['text_powered']      = 'Powered By <a href="http://www.opencart.com">OpenCart</a><br /> %s &copy; %s';
LINE: 18

FILE: catalog/language/en-gb/common/header.php
CODE: $_['text_all']           = 'Show All';
LINE: 15

FILE: catalog/language/en-gb/common/menu.php
CODE: $_['text_all'] = 'Show All';
LINE: 2
----------------------------------------------------------------
